<?xml version="1.0" encoding="UTF-8"?>
<!-- Generated by org.testng.reporters.JUnitXMLReporter -->
<testsuite ignored="12" hostname="IPS-215" failures="0" tests="4" name="Test" time="43.601" errors="0" timestamp="2024-09-10T15:23:37 IST">
  <testcase classname="Testcase.Verified_Home_Testcase2" name="Verified_Home_Page" time="17.463"/>
  <testcase classname="Testcase.Verified_SignIn_Testcase" name="Verified_Sign_In_Page" time="7.257"/>
  <testcase classname="Testcase.Verified_Sign_Up_Page" name="Verified_SignUp_Page" time="9.535"/>
  <testcase classname="Testcase.Verified_Forgotpassword_Testcase" name="Verified_Forgot_Testcase" time="6.693"/>
  <testcase classname="Utils.TestBase" name="@AfterTest afterTest" time="0.0">
    <ignored/>
  </testcase> <!-- @AfterTest afterTest -->
  <testcase classname="Utils.TestBase" name="@AfterTest afterTest" time="0.0">
    <ignored/>
  </testcase> <!-- @AfterTest afterTest -->
  <testcase classname="Utils.TestBase" name="@AfterTest afterTest" time="0.0">
    <ignored/>
  </testcase> <!-- @AfterTest afterTest -->
  <testcase classname="Utils.TestBase" name="@AfterSuite endReports" time="0.0">
    <ignored/>
  </testcase> <!-- @AfterSuite endReports -->
  <testcase classname="Utils.TestBase" name="@AfterSuite endReports" time="0.0">
    <ignored/>
  </testcase> <!-- @AfterSuite endReports -->
  <testcase classname="Utils.TestBase" name="@AfterSuite endReports" time="0.0">
    <ignored/>
  </testcase> <!-- @AfterSuite endReports -->
  <testcase classname="Utils.TestBase" name="@BeforeTest setup" time="0.0">
    <ignored/>
  </testcase> <!-- @BeforeTest setup -->
  <testcase classname="Utils.TestBase" name="@BeforeTest setup" time="0.0">
    <ignored/>
  </testcase> <!-- @BeforeTest setup -->
  <testcase classname="Utils.TestBase" name="@BeforeTest setup" time="0.0">
    <ignored/>
  </testcase> <!-- @BeforeTest setup -->
  <testcase classname="Utils.TestBase" name="@BeforeSuite reportsetup" time="0.0">
    <ignored/>
  </testcase> <!-- @BeforeSuite reportsetup -->
  <testcase classname="Utils.TestBase" name="@BeforeSuite reportsetup" time="0.0">
    <ignored/>
  </testcase> <!-- @BeforeSuite reportsetup -->
  <testcase classname="Utils.TestBase" name="@BeforeSuite reportsetup" time="0.0">
    <ignored/>
  </testcase> <!-- @BeforeSuite reportsetup -->
</testsuite> <!-- Test -->
