<?xml version="1.0" encoding="UTF-8"?>
<!-- Generated by org.testng.reporters.JUnitXMLReporter -->
<testsuite ignored="0" hostname="IPS-215" failures="0" tests="1" name="Test_Opera" time="1.711" errors="0" timestamp="2024-08-14T11:22:09 IST">
  <testcase classname="Utils.TestBase" name="@BeforeMethod setup" time="1.697">
    <failure type="java.lang.AbstractMethodError" message="Missing implementation of resolved method &amp;apos;abstract void loadSystemProperties()&amp;apos; of abstract class org.openqa.selenium.remote.service.DriverService$Builder.">
      <![CDATA[java.lang.AbstractMethodError: Missing implementation of resolved method 'abstract void loadSystemProperties()' of abstract class org.openqa.selenium.remote.service.DriverService$Builder.
at org.openqa.selenium.remote.service.DriverService$Builder.build(DriverService.java:509)
at org.openqa.selenium.opera.OperaDriverService.createDefaultService(OperaDriverService.java:102)
at org.openqa.selenium.opera.OperaDriver.<init>(OperaDriver.java:76)
at Utils.TestBase.setup(TestBase.java:36)
at java.base/java.util.ArrayList.forEach(ArrayList.java:1596)
... Removed 29 stack frames]]>
    </failure>
  </testcase> <!-- @BeforeMethod setup -->
  <testcase classname="Utils.TestBase" name="@AfterMethod tearDown" time="-1.723614729777E9">
    <skipped/>
  </testcase> <!-- @AfterMethod tearDown -->
  <testcase classname="Testcase.Verified_Home_Testcase2" name="Verified_Home_Page" time="0.0">
    <skipped/>
  </testcase> <!-- Verified_Home_Page -->
</testsuite> <!-- Test_Opera -->
