<?xml version="1.0" encoding="UTF-8"?>
<testng-results ignored="12" total="16" passed="4" failed="0" skipped="0">
  <reporter-output>
  </reporter-output>
  <suite started-at="2024-09-10T15:22:53 IST" name="Suite" finished-at="2024-09-10T15:23:37 IST" duration-ms="43601">
    <groups>
    </groups>
    <test started-at="2024-09-10T15:22:53 IST" name="Test" finished-at="2024-09-10T15:23:37 IST" duration-ms="43601">
      <class name="Testcase.Verified_SignIn_Testcase">
        <test-method signature="Verified_Sign_In_Page()[pri:2, instance:Testcase.Verified_SignIn_Testcase@ff684e1]" started-at="2024-09-10T15:23:13 IST" name="Verified_Sign_In_Page" finished-at="2024-09-10T15:23:20 IST" duration-ms="7257" status="PASS">
          <reporter-output>
          </reporter-output>
        </test-method> <!-- Verified_Sign_In_Page -->
        <test-method is-config="true" signature="tearDown(org.testng.ITestResult)[pri:0, instance:Testcase.Verified_SignIn_Testcase@ff684e1]" started-at="2024-09-10T15:23:20 IST" name="tearDown" finished-at="2024-09-10T15:23:20 IST" duration-ms="2" status="PASS">
          <params>
            <param index="0">
              <value>
                <![CDATA[[TestResult name=Verified_Sign_In_Page status=SUCCESS method=Verified_SignIn_Testcase.Verified_Sign_In_Page()[pri:2, instance:Testcase.Verified_SignIn_Testcase@ff684e1] output={null}]]]>
              </value>
            </param>
          </params>
          <reporter-output>
          </reporter-output>
        </test-method> <!-- tearDown -->
      </class> <!-- Testcase.Verified_SignIn_Testcase -->
      <class name="Testcase.Verified_Forgotpassword_Testcase">
        <test-method signature="Verified_Forgot_Testcase()[pri:4, instance:Testcase.Verified_Forgotpassword_Testcase@5ef6ae06]" started-at="2024-09-10T15:23:30 IST" name="Verified_Forgot_Testcase" finished-at="2024-09-10T15:23:37 IST" duration-ms="6693" status="PASS">
          <reporter-output>
          </reporter-output>
        </test-method> <!-- Verified_Forgot_Testcase -->
        <test-method is-config="true" signature="tearDown(org.testng.ITestResult)[pri:0, instance:Testcase.Verified_Forgotpassword_Testcase@5ef6ae06]" started-at="2024-09-10T15:23:37 IST" name="tearDown" finished-at="2024-09-10T15:23:37 IST" duration-ms="0" status="PASS">
          <params>
            <param index="0">
              <value>
                <![CDATA[[TestResult name=Verified_Forgot_Testcase status=SUCCESS method=Verified_Forgotpassword_Testcase.Verified_Forgot_Testcase()[pri:4, instance:Testcase.Verified_Forgotpassword_Testcase@5ef6ae06] output={null}]]]>
              </value>
            </param>
          </params>
          <reporter-output>
          </reporter-output>
        </test-method> <!-- tearDown -->
      </class> <!-- Testcase.Verified_Forgotpassword_Testcase -->
      <class name="Testcase.Verified_Home_Testcase2">
        <test-method is-config="true" signature="reportsetup()[pri:0, instance:Testcase.Verified_Home_Testcase2@57abad67]" started-at="2024-09-10T15:22:53 IST" name="reportsetup" finished-at="2024-09-10T15:22:53 IST" duration-ms="173" status="PASS">
          <reporter-output>
          </reporter-output>
        </test-method> <!-- reportsetup -->
        <test-method is-config="true" signature="setup()[pri:0, instance:Testcase.Verified_Home_Testcase2@57abad67]" started-at="2024-09-10T15:22:53 IST" name="setup" finished-at="2024-09-10T15:22:56 IST" duration-ms="2410" status="PASS">
          <reporter-output>
          </reporter-output>
        </test-method> <!-- setup -->
        <test-method signature="Verified_Home_Page()[pri:1, instance:Testcase.Verified_Home_Testcase2@57abad67]" started-at="2024-09-10T15:22:56 IST" name="Verified_Home_Page" finished-at="2024-09-10T15:23:13 IST" duration-ms="17463" status="PASS">
          <reporter-output>
          </reporter-output>
        </test-method> <!-- Verified_Home_Page -->
        <test-method is-config="true" signature="tearDown(org.testng.ITestResult)[pri:0, instance:Testcase.Verified_Home_Testcase2@57abad67]" started-at="2024-09-10T15:23:13 IST" name="tearDown" finished-at="2024-09-10T15:23:13 IST" duration-ms="2" status="PASS">
          <params>
            <param index="0">
              <value>
                <![CDATA[[TestResult name=Verified_Home_Page status=SUCCESS method=Verified_Home_Testcase2.Verified_Home_Page()[pri:1, instance:Testcase.Verified_Home_Testcase2@57abad67] output={null}]]]>
              </value>
            </param>
          </params>
          <reporter-output>
          </reporter-output>
        </test-method> <!-- tearDown -->
        <test-method is-config="true" signature="afterTest()[pri:0, instance:Testcase.Verified_Home_Testcase2@57abad67]" started-at="2024-09-10T15:23:37 IST" name="afterTest" finished-at="2024-09-10T15:23:37 IST" duration-ms="193" status="PASS">
          <reporter-output>
          </reporter-output>
        </test-method> <!-- afterTest -->
        <test-method is-config="true" signature="endReports()[pri:0, instance:Testcase.Verified_Home_Testcase2@57abad67]" started-at="2024-09-10T15:23:37 IST" name="endReports" finished-at="2024-09-10T15:23:37 IST" duration-ms="324" status="PASS">
          <reporter-output>
          </reporter-output>
        </test-method> <!-- endReports -->
      </class> <!-- Testcase.Verified_Home_Testcase2 -->
      <class name="Testcase.Verified_Sign_Up_Page">
        <test-method signature="Verified_SignUp_Page()[pri:3, instance:Testcase.Verified_Sign_Up_Page@23aa363a]" started-at="2024-09-10T15:23:20 IST" name="Verified_SignUp_Page" finished-at="2024-09-10T15:23:30 IST" duration-ms="9535" status="PASS">
          <reporter-output>
          </reporter-output>
        </test-method> <!-- Verified_SignUp_Page -->
        <test-method is-config="true" signature="tearDown(org.testng.ITestResult)[pri:0, instance:Testcase.Verified_Sign_Up_Page@23aa363a]" started-at="2024-09-10T15:23:30 IST" name="tearDown" finished-at="2024-09-10T15:23:30 IST" duration-ms="2" status="PASS">
          <params>
            <param index="0">
              <value>
                <![CDATA[[TestResult name=Verified_SignUp_Page status=SUCCESS method=Verified_Sign_Up_Page.Verified_SignUp_Page()[pri:3, instance:Testcase.Verified_Sign_Up_Page@23aa363a] output={null}]]]>
              </value>
            </param>
          </params>
          <reporter-output>
          </reporter-output>
        </test-method> <!-- tearDown -->
      </class> <!-- Testcase.Verified_Sign_Up_Page -->
    </test> <!-- Test -->
  </suite> <!-- Suite -->
</testng-results>
